Date: Wed Feb 5 11:55:01 AM +0545 2025
    PID    PPID %CPU %MEM
  75874    2899 10.6  2.8
   1890       1  6.9  1.7
   1756    1752  6.6  1.3
   2879       1  2.3  5.4
   2934    2896  1.9  3.6

Date: Wed Feb 5 12:00:01 PM +0545 2025
    PID    PPID %CPU %MEM
   1890       1  6.9  1.7
   1756    1752  6.6  1.3
  76896    2899  4.1  2.5
   2879       1  2.3  5.5
  76638    2899  2.0  2.5

Date: Wed Feb 5 12:05:01 PM +0545 2025
    PID    PPID %CPU %MEM
  78787    2899 10.6  2.8
   1890       1  6.9  1.7
   1756    1752  6.6  1.3
   2879       1  2.2  5.5
   2934    2896  1.8  3.5

Date: Wed Feb 5 12:10:01 PM +0545 2025
    PID    PPID %CPU %MEM
  80010    2899 10.7  2.8
   1890       1  6.9  1.8
   1756    1752  6.6  1.3
   2879       1  2.2  5.3
   2934    2896  1.8  3.5

